{
  "/Users/sanjidaafrin/DPS909/find-broken-link/src/util.js": {
    "path": "/Users/sanjidaafrin/DPS909/find-broken-link/src/util.js",
    "statementMap": {
      "0": { "start": { "line": 1, "column": 14 }, "end": { "line": 1, "column": 30 } },
      "1": { "start": { "line": 2, "column": 14 }, "end": { "line": 2, "column": 30 } },
      "2": { "start": { "line": 3, "column": 19 }, "end": { "line": 3, "column": 41 } },
      "3": { "start": { "line": 4, "column": 14 }, "end": { "line": 4, "column": 35 } },
      "4": { "start": { "line": 5, "column": 11 }, "end": { "line": 5, "column": 24 } },
      "5": { "start": { "line": 6, "column": 12 }, "end": { "line": 6, "column": 26 } },
      "6": { "start": { "line": 7, "column": 13 }, "end": { "line": 7, "column": 28 } },
      "7": { "start": { "line": 10, "column": 14 }, "end": { "line": 12, "column": 1 } },
      "8": { "start": { "line": 16, "column": 2 }, "end": { "line": 19, "column": 4 } },
      "9": { "start": { "line": 23, "column": 21 }, "end": { "line": 26, "column": 3 } },
      "10": { "start": { "line": 27, "column": 2 }, "end": { "line": 27, "column": 23 } },
      "11": { "start": { "line": 28, "column": 2 }, "end": { "line": 28, "column": 29 } },
      "12": { "start": { "line": 29, "column": 2 }, "end": { "line": 29, "column": 20 } },
      "13": { "start": { "line": 33, "column": 2 }, "end": { "line": 68, "column": 7 } },
      "14": { "start": { "line": 35, "column": 6 }, "end": { "line": 57, "column": 7 } },
      "15": { "start": { "line": 36, "column": 8 }, "end": { "line": 53, "column": 9 } },
      "16": { "start": { "line": 40, "column": 10 }, "end": { "line": 40, "column": 90 } },
      "17": { "start": { "line": 41, "column": 15 }, "end": { "line": 53, "column": 9 } },
      "18": { "start": { "line": 45, "column": 10 }, "end": { "line": 45, "column": 93 } },
      "19": { "start": { "line": 46, "column": 15 }, "end": { "line": 53, "column": 9 } },
      "20": { "start": { "line": 50, "column": 10 }, "end": { "line": 50, "column": 98 } },
      "21": { "start": { "line": 51, "column": 15 }, "end": { "line": 53, "column": 9 } },
      "22": { "start": { "line": 52, "column": 10 }, "end": { "line": 52, "column": 95 } },
      "23": { "start": { "line": 56, "column": 8 }, "end": { "line": 56, "column": 66 } },
      "24": { "start": { "line": 60, "column": 6 }, "end": { "line": 67, "column": 7 } },
      "25": { "start": { "line": 61, "column": 8 }, "end": { "line": 63, "column": 9 } },
      "26": { "start": { "line": 62, "column": 10 }, "end": { "line": 62, "column": 73 } },
      "27": { "start": { "line": 66, "column": 8 }, "end": { "line": 66, "column": 47 } },
      "28": { "start": { "line": 73, "column": 2 }, "end": { "line": 87, "column": 5 } },
      "29": { "start": { "line": 74, "column": 4 }, "end": { "line": 86, "column": 7 } },
      "30": { "start": { "line": 76, "column": 25 }, "end": { "line": 76, "column": 42 } },
      "31": { "start": { "line": 77, "column": 6 }, "end": { "line": 85, "column": 7 } },
      "32": { "start": { "line": 79, "column": 8 }, "end": { "line": 84, "column": 11 } },
      "33": { "start": { "line": 80, "column": 10 }, "end": { "line": 82, "column": 11 } },
      "34": { "start": { "line": 81, "column": 12 }, "end": { "line": 81, "column": 36 } },
      "35": { "start": { "line": 83, "column": 10 }, "end": { "line": 83, "column": 31 } },
      "36": { "start": { "line": 90, "column": 2 }, "end": { "line": 98, "column": 5 } },
      "37": { "start": { "line": 91, "column": 4 }, "end": { "line": 97, "column": 7 } },
      "38": { "start": { "line": 92, "column": 6 }, "end": { "line": 96, "column": 7 } },
      "39": { "start": { "line": 93, "column": 8 }, "end": { "line": 93, "column": 25 } },
      "40": { "start": { "line": 95, "column": 8 }, "end": { "line": 95, "column": 24 } },
      "41": { "start": { "line": 103, "column": 2 }, "end": { "line": 122, "column": 3 } },
      "42": { "start": { "line": 105, "column": 4 }, "end": { "line": 119, "column": 5 } },
      "43": { "start": { "line": 107, "column": 6 }, "end": { "line": 113, "column": 7 } },
      "44": { "start": { "line": 108, "column": 8 }, "end": { "line": 108, "column": 37 } },
      "45": { "start": { "line": 111, "column": 25 }, "end": { "line": 111, "column": 49 } },
      "46": { "start": { "line": 112, "column": 8 }, "end": { "line": 112, "column": 35 } },
      "47": { "start": { "line": 115, "column": 6 }, "end": { "line": 117, "column": 8 } },
      "48": { "start": { "line": 118, "column": 6 }, "end": { "line": 118, "column": 25 } },
      "49": { "start": { "line": 121, "column": 4 }, "end": { "line": 121, "column": 23 } },
      "50": { "start": { "line": 127, "column": 20 }, "end": { "line": 127, "column": 53 } },
      "51": { "start": { "line": 128, "column": 2 }, "end": { "line": 141, "column": 38 } },
      "52": { "start": { "line": 131, "column": 6 }, "end": { "line": 139, "column": 7 } },
      "53": { "start": { "line": 132, "column": 8 }, "end": { "line": 132, "column": 73 } },
      "54": { "start": { "line": 134, "column": 8 }, "end": { "line": 138, "column": 10 } },
      "55": { "start": { "line": 141, "column": 20 }, "end": { "line": 141, "column": 36 } },
      "56": { "start": { "line": 145, "column": 21 }, "end": { "line": 145, "column": 23 } },
      "57": { "start": { "line": 147, "column": 16 }, "end": { "line": 147, "column": 94 } },
      "58": { "start": { "line": 147, "column": 78 }, "end": { "line": 147, "column": 93 } },
      "59": { "start": { "line": 148, "column": 2 }, "end": { "line": 161, "column": 5 } },
      "60": { "start": { "line": 149, "column": 4 }, "end": { "line": 160, "column": 6 } },
      "61": { "start": { "line": 151, "column": 28 }, "end": { "line": 151, "column": 43 } },
      "62": { "start": { "line": 152, "column": 24 }, "end": { "line": 152, "column": 33 } },
      "63": { "start": { "line": 154, "column": 25 }, "end": { "line": 154, "column": 39 } },
      "64": { "start": { "line": 155, "column": 10 }, "end": { "line": 157, "column": 13 } },
      "65": { "start": { "line": 156, "column": 12 }, "end": { "line": 156, "column": 31 } },
      "66": { "start": { "line": 156, "column": 21 }, "end": { "line": 156, "column": 31 } },
      "67": { "start": { "line": 158, "column": 10 }, "end": { "line": 158, "column": 29 } },
      "68": { "start": { "line": 162, "column": 16 }, "end": { "line": 162, "column": 45 } },
      "69": { "start": { "line": 163, "column": 2 }, "end": { "line": 163, "column": 18 } },
      "70": { "start": { "line": 166, "column": 0 }, "end": { "line": 166, "column": 41 } },
      "71": { "start": { "line": 167, "column": 0 }, "end": { "line": 167, "column": 35 } },
      "72": { "start": { "line": 168, "column": 0 }, "end": { "line": 168, "column": 33 } },
      "73": { "start": { "line": 169, "column": 0 }, "end": { "line": 169, "column": 51 } },
      "74": { "start": { "line": 170, "column": 0 }, "end": { "line": 170, "column": 45 } },
      "75": { "start": { "line": 171, "column": 0 }, "end": { "line": 171, "column": 53 } },
      "76": { "start": { "line": 172, "column": 0 }, "end": { "line": 172, "column": 57 } },
      "77": { "start": { "line": 173, "column": 0 }, "end": { "line": 173, "column": 49 } }
    },
    "fnMap": {
      "0": {
        "name": "setDefaultConfig",
        "decl": { "start": { "line": 15, "column": 9 }, "end": { "line": 15, "column": 25 } },
        "loc": { "start": { "line": 15, "column": 28 }, "end": { "line": 20, "column": 1 } },
        "line": 15
      },
      "1": {
        "name": "storeJsonData",
        "decl": { "start": { "line": 22, "column": 9 }, "end": { "line": 22, "column": 22 } },
        "loc": { "start": { "line": 22, "column": 36 }, "end": { "line": 30, "column": 1 } },
        "line": 22
      },
      "2": {
        "name": "checkUrlAndReport",
        "decl": { "start": { "line": 32, "column": 15 }, "end": { "line": 32, "column": 32 } },
        "loc": { "start": { "line": 32, "column": 38 }, "end": { "line": 69, "column": 1 } },
        "line": 32
      },
      "3": {
        "name": "(anonymous_3)",
        "decl": { "start": { "line": 34, "column": 10 }, "end": { "line": 34, "column": 11 } },
        "loc": { "start": { "line": 34, "column": 24 }, "end": { "line": 58, "column": 5 } },
        "line": 34
      },
      "4": {
        "name": "(anonymous_4)",
        "decl": { "start": { "line": 59, "column": 11 }, "end": { "line": 59, "column": 12 } },
        "loc": { "start": { "line": 59, "column": 17 }, "end": { "line": 68, "column": 5 } },
        "line": 59
      },
      "5": {
        "name": "readFile",
        "decl": { "start": { "line": 72, "column": 9 }, "end": { "line": 72, "column": 17 } },
        "loc": { "start": { "line": 72, "column": 29 }, "end": { "line": 88, "column": 1 } },
        "line": 72
      },
      "6": {
        "name": "(anonymous_6)",
        "decl": { "start": { "line": 73, "column": 20 }, "end": { "line": 73, "column": 21 } },
        "loc": { "start": { "line": 73, "column": 30 }, "end": { "line": 87, "column": 3 } },
        "line": 73
      },
      "7": {
        "name": "(anonymous_7)",
        "decl": { "start": { "line": 74, "column": 30 }, "end": { "line": 74, "column": 31 } },
        "loc": { "start": { "line": 74, "column": 40 }, "end": { "line": 86, "column": 5 } },
        "line": 74
      },
      "8": {
        "name": "(anonymous_8)",
        "decl": { "start": { "line": 79, "column": 27 }, "end": { "line": 79, "column": 28 } },
        "loc": { "start": { "line": 79, "column": 34 }, "end": { "line": 84, "column": 9 } },
        "line": 79
      },
      "9": {
        "name": "readDir",
        "decl": { "start": { "line": 89, "column": 9 }, "end": { "line": 89, "column": 16 } },
        "loc": { "start": { "line": 89, "column": 23 }, "end": { "line": 99, "column": 1 } },
        "line": 89
      },
      "10": {
        "name": "(anonymous_10)",
        "decl": { "start": { "line": 90, "column": 15 }, "end": { "line": 90, "column": 16 } },
        "loc": { "start": { "line": 90, "column": 24 }, "end": { "line": 98, "column": 3 } },
        "line": 90
      },
      "11": {
        "name": "(anonymous_11)",
        "decl": { "start": { "line": 91, "column": 20 }, "end": { "line": 91, "column": 21 } },
        "loc": { "start": { "line": 91, "column": 36 }, "end": { "line": 97, "column": 5 } },
        "line": 91
      },
      "12": {
        "name": "manageConfiguration",
        "decl": { "start": { "line": 102, "column": 9 }, "end": { "line": 102, "column": 28 } },
        "loc": { "start": { "line": 102, "column": 41 }, "end": { "line": 123, "column": 1 } },
        "line": 102
      },
      "13": {
        "name": "archivedURL",
        "decl": { "start": { "line": 126, "column": 9 }, "end": { "line": 126, "column": 20 } },
        "loc": { "start": { "line": 126, "column": 26 }, "end": { "line": 142, "column": 1 } },
        "line": 126
      },
      "14": {
        "name": "(anonymous_14)",
        "decl": { "start": { "line": 130, "column": 10 }, "end": { "line": 130, "column": 11 } },
        "loc": { "start": { "line": 130, "column": 24 }, "end": { "line": 140, "column": 5 } },
        "line": 130
      },
      "15": {
        "name": "(anonymous_15)",
        "decl": { "start": { "line": 141, "column": 11 }, "end": { "line": 141, "column": 12 } },
        "loc": { "start": { "line": 141, "column": 20 }, "end": { "line": 141, "column": 36 } },
        "line": 141
      },
      "16": {
        "name": "handleTelescope",
        "decl": { "start": { "line": 144, "column": 15 }, "end": { "line": 144, "column": 30 } },
        "loc": { "start": { "line": 144, "column": 33 }, "end": { "line": 164, "column": 1 } },
        "line": 144
      },
      "17": {
        "name": "(anonymous_17)",
        "decl": { "start": { "line": 147, "column": 64 }, "end": { "line": 147, "column": 65 } },
        "loc": { "start": { "line": 147, "column": 78 }, "end": { "line": 147, "column": 93 } },
        "line": 147
      },
      "18": {
        "name": "(anonymous_18)",
        "decl": { "start": { "line": 148, "column": 16 }, "end": { "line": 148, "column": 17 } },
        "loc": { "start": { "line": 148, "column": 26 }, "end": { "line": 161, "column": 3 } },
        "line": 148
      },
      "19": {
        "name": "(anonymous_19)",
        "decl": { "start": { "line": 151, "column": 14 }, "end": { "line": 151, "column": 15 } },
        "loc": { "start": { "line": 151, "column": 28 }, "end": { "line": 151, "column": 43 } },
        "line": 151
      },
      "20": {
        "name": "(anonymous_20)",
        "decl": { "start": { "line": 152, "column": 14 }, "end": { "line": 152, "column": 15 } },
        "loc": { "start": { "line": 152, "column": 24 }, "end": { "line": 152, "column": 33 } },
        "line": 152
      },
      "21": {
        "name": "(anonymous_21)",
        "decl": { "start": { "line": 153, "column": 14 }, "end": { "line": 153, "column": 15 } },
        "loc": { "start": { "line": 153, "column": 31 }, "end": { "line": 159, "column": 9 } },
        "line": 153
      },
      "22": {
        "name": "(anonymous_22)",
        "decl": { "start": { "line": 155, "column": 50 }, "end": { "line": 155, "column": 51 } },
        "loc": { "start": { "line": 155, "column": 59 }, "end": { "line": 157, "column": 11 } },
        "line": 155
      }
    },
    "branchMap": {
      "0": {
        "loc": { "start": { "line": 35, "column": 6 }, "end": { "line": 57, "column": 7 } },
        "type": "if",
        "locations": [
          { "start": { "line": 35, "column": 6 }, "end": { "line": 57, "column": 7 } },
          { "start": { "line": 35, "column": 6 }, "end": { "line": 57, "column": 7 } }
        ],
        "line": 35
      },
      "1": {
        "loc": { "start": { "line": 36, "column": 8 }, "end": { "line": 53, "column": 9 } },
        "type": "if",
        "locations": [
          { "start": { "line": 36, "column": 8 }, "end": { "line": 53, "column": 9 } },
          { "start": { "line": 36, "column": 8 }, "end": { "line": 53, "column": 9 } }
        ],
        "line": 36
      },
      "2": {
        "loc": { "start": { "line": 37, "column": 10 }, "end": { "line": 38, "column": 62 } },
        "type": "binary-expr",
        "locations": [
          { "start": { "line": 37, "column": 11 }, "end": { "line": 37, "column": 38 } },
          { "start": { "line": 37, "column": 42 }, "end": { "line": 37, "column": 69 } },
          { "start": { "line": 38, "column": 11 }, "end": { "line": 38, "column": 34 } },
          { "start": { "line": 38, "column": 38 }, "end": { "line": 38, "column": 61 } }
        ],
        "line": 37
      },
      "3": {
        "loc": { "start": { "line": 41, "column": 15 }, "end": { "line": 53, "column": 9 } },
        "type": "if",
        "locations": [
          { "start": { "line": 41, "column": 15 }, "end": { "line": 53, "column": 9 } },
          { "start": { "line": 41, "column": 15 }, "end": { "line": 53, "column": 9 } }
        ],
        "line": 41
      },
      "4": {
        "loc": { "start": { "line": 42, "column": 10 }, "end": { "line": 43, "column": 33 } },
        "type": "binary-expr",
        "locations": [
          { "start": { "line": 42, "column": 11 }, "end": { "line": 42, "column": 38 } },
          { "start": { "line": 42, "column": 42 }, "end": { "line": 42, "column": 70 } },
          { "start": { "line": 43, "column": 10 }, "end": { "line": 43, "column": 33 } }
        ],
        "line": 42
      },
      "5": {
        "loc": { "start": { "line": 46, "column": 15 }, "end": { "line": 53, "column": 9 } },
        "type": "if",
        "locations": [
          { "start": { "line": 46, "column": 15 }, "end": { "line": 53, "column": 9 } },
          { "start": { "line": 46, "column": 15 }, "end": { "line": 53, "column": 9 } }
        ],
        "line": 46
      },
      "6": {
        "loc": { "start": { "line": 47, "column": 10 }, "end": { "line": 48, "column": 89 } },
        "type": "binary-expr",
        "locations": [
          { "start": { "line": 47, "column": 10 }, "end": { "line": 47, "column": 37 } },
          { "start": { "line": 48, "column": 11 }, "end": { "line": 48, "column": 34 } },
          { "start": { "line": 48, "column": 38 }, "end": { "line": 48, "column": 61 } },
          { "start": { "line": 48, "column": 65 }, "end": { "line": 48, "column": 88 } }
        ],
        "line": 47
      },
      "7": {
        "loc": { "start": { "line": 51, "column": 15 }, "end": { "line": 53, "column": 9 } },
        "type": "if",
        "locations": [
          { "start": { "line": 51, "column": 15 }, "end": { "line": 53, "column": 9 } },
          { "start": { "line": 51, "column": 15 }, "end": { "line": 53, "column": 9 } }
        ],
        "line": 51
      },
      "8": {
        "loc": { "start": { "line": 60, "column": 6 }, "end": { "line": 67, "column": 7 } },
        "type": "if",
        "locations": [
          { "start": { "line": 60, "column": 6 }, "end": { "line": 67, "column": 7 } },
          { "start": { "line": 60, "column": 6 }, "end": { "line": 67, "column": 7 } }
        ],
        "line": 60
      },
      "9": {
        "loc": { "start": { "line": 61, "column": 8 }, "end": { "line": 63, "column": 9 } },
        "type": "if",
        "locations": [
          { "start": { "line": 61, "column": 8 }, "end": { "line": 63, "column": 9 } },
          { "start": { "line": 61, "column": 8 }, "end": { "line": 63, "column": 9 } }
        ],
        "line": 61
      },
      "10": {
        "loc": { "start": { "line": 77, "column": 6 }, "end": { "line": 85, "column": 7 } },
        "type": "if",
        "locations": [
          { "start": { "line": 77, "column": 6 }, "end": { "line": 85, "column": 7 } },
          { "start": { "line": 77, "column": 6 }, "end": { "line": 85, "column": 7 } }
        ],
        "line": 77
      },
      "11": {
        "loc": { "start": { "line": 80, "column": 10 }, "end": { "line": 82, "column": 11 } },
        "type": "if",
        "locations": [
          { "start": { "line": 80, "column": 10 }, "end": { "line": 82, "column": 11 } },
          { "start": { "line": 80, "column": 10 }, "end": { "line": 82, "column": 11 } }
        ],
        "line": 80
      },
      "12": {
        "loc": { "start": { "line": 92, "column": 6 }, "end": { "line": 96, "column": 7 } },
        "type": "if",
        "locations": [
          { "start": { "line": 92, "column": 6 }, "end": { "line": 96, "column": 7 } },
          { "start": { "line": 92, "column": 6 }, "end": { "line": 96, "column": 7 } }
        ],
        "line": 92
      },
      "13": {
        "loc": { "start": { "line": 105, "column": 4 }, "end": { "line": 119, "column": 5 } },
        "type": "if",
        "locations": [
          { "start": { "line": 105, "column": 4 }, "end": { "line": 119, "column": 5 } },
          { "start": { "line": 105, "column": 4 }, "end": { "line": 119, "column": 5 } }
        ],
        "line": 105
      },
      "14": {
        "loc": { "start": { "line": 107, "column": 6 }, "end": { "line": 113, "column": 7 } },
        "type": "if",
        "locations": [
          { "start": { "line": 107, "column": 6 }, "end": { "line": 113, "column": 7 } },
          { "start": { "line": 107, "column": 6 }, "end": { "line": 113, "column": 7 } }
        ],
        "line": 107
      },
      "15": {
        "loc": { "start": { "line": 131, "column": 6 }, "end": { "line": 139, "column": 7 } },
        "type": "if",
        "locations": [
          { "start": { "line": 131, "column": 6 }, "end": { "line": 139, "column": 7 } },
          { "start": { "line": 131, "column": 6 }, "end": { "line": 139, "column": 7 } }
        ],
        "line": 131
      },
      "16": {
        "loc": { "start": { "line": 156, "column": 12 }, "end": { "line": 156, "column": 31 } },
        "type": "if",
        "locations": [
          { "start": { "line": 156, "column": 12 }, "end": { "line": 156, "column": 31 } },
          { "start": { "line": 156, "column": 12 }, "end": { "line": 156, "column": 31 } }
        ],
        "line": 156
      }
    },
    "s": {
      "0": 1,
      "1": 1,
      "2": 1,
      "3": 1,
      "4": 1,
      "5": 1,
      "6": 1,
      "7": 1,
      "8": 9,
      "9": 1,
      "10": 1,
      "11": 1,
      "12": 1,
      "13": 9,
      "14": 8,
      "15": 8,
      "16": 2,
      "17": 6,
      "18": 2,
      "19": 4,
      "20": 2,
      "21": 2,
      "22": 2,
      "23": 0,
      "24": 1,
      "25": 1,
      "26": 1,
      "27": 0,
      "28": 0,
      "29": 0,
      "30": 0,
      "31": 0,
      "32": 0,
      "33": 0,
      "34": 0,
      "35": 0,
      "36": 0,
      "37": 0,
      "38": 0,
      "39": 0,
      "40": 0,
      "41": 0,
      "42": 0,
      "43": 0,
      "44": 0,
      "45": 0,
      "46": 0,
      "47": 0,
      "48": 0,
      "49": 0,
      "50": 0,
      "51": 0,
      "52": 0,
      "53": 0,
      "54": 0,
      "55": 0,
      "56": 0,
      "57": 0,
      "58": 0,
      "59": 0,
      "60": 0,
      "61": 0,
      "62": 0,
      "63": 0,
      "64": 0,
      "65": 0,
      "66": 0,
      "67": 0,
      "68": 0,
      "69": 0,
      "70": 1,
      "71": 1,
      "72": 1,
      "73": 1,
      "74": 1,
      "75": 1,
      "76": 1,
      "77": 1
    },
    "f": {
      "0": 9,
      "1": 1,
      "2": 9,
      "3": 8,
      "4": 1,
      "5": 0,
      "6": 0,
      "7": 0,
      "8": 0,
      "9": 0,
      "10": 0,
      "11": 0,
      "12": 0,
      "13": 0,
      "14": 0,
      "15": 0,
      "16": 0,
      "17": 0,
      "18": 0,
      "19": 0,
      "20": 0,
      "21": 0,
      "22": 0
    },
    "b": {
      "0": [8, 0],
      "1": [2, 6],
      "2": [8, 0, 8, 8],
      "3": [2, 4],
      "4": [6, 0, 6],
      "5": [2, 2],
      "6": [4, 4, 2, 2],
      "7": [2, 0],
      "8": [1, 0],
      "9": [1, 0],
      "10": [0, 0],
      "11": [0, 0],
      "12": [0, 0],
      "13": [0, 0],
      "14": [0, 0],
      "15": [0, 0],
      "16": [0, 0]
    },
    "_coverageSchema": "1a1c01bbd47fc00a2c39e90264f33305004495a9",
    "hash": "fb49b95d509e6ca82893dfda736d35130a97c57b"
  },
  "/Users/sanjidaafrin/DPS909/find-broken-link/src/version.js": {
    "path": "/Users/sanjidaafrin/DPS909/find-broken-link/src/version.js",
    "statementMap": {
      "0": { "start": { "line": 1, "column": 10 }, "end": { "line": 1, "column": 44 } },
      "1": { "start": { "line": 3, "column": 23 }, "end": { "line": 3, "column": 42 } },
      "2": { "start": { "line": 6, "column": 2 }, "end": { "line": 6, "column": 24 } },
      "3": { "start": { "line": 9, "column": 0 }, "end": { "line": 9, "column": 39 } }
    },
    "fnMap": {
      "0": {
        "name": "getVersion",
        "decl": { "start": { "line": 5, "column": 9 }, "end": { "line": 5, "column": 19 } },
        "loc": { "start": { "line": 5, "column": 22 }, "end": { "line": 7, "column": 1 } },
        "line": 5
      }
    },
    "branchMap": {},
    "s": { "0": 1, "1": 1, "2": 2, "3": 1 },
    "f": { "0": 2 },
    "b": {},
    "_coverageSchema": "1a1c01bbd47fc00a2c39e90264f33305004495a9",
    "hash": "63ad56ccee098d010d71bf79f5efbaca7d993997"
  }
}
