TN:
SF:src/util.js
FN:15,setDefaultConfig
FN:22,storeJsonData
FN:32,checkUrlAndReport
FN:34,(anonymous_3)
FN:59,(anonymous_4)
FN:72,readFile
FN:73,(anonymous_6)
FN:74,(anonymous_7)
FN:79,(anonymous_8)
FN:89,readDir
FN:90,(anonymous_10)
FN:91,(anonymous_11)
FN:102,manageConfiguration
FN:126,archivedURL
FN:130,(anonymous_14)
FN:141,(anonymous_15)
FN:144,handleTelescope
FN:147,(anonymous_17)
FN:148,(anonymous_18)
FN:151,(anonymous_19)
FN:152,(anonymous_20)
FN:153,(anonymous_21)
FN:155,(anonymous_22)
FNF:23
FNH:5
FNDA:9,setDefaultConfig
FNDA:1,storeJsonData
FNDA:9,checkUrlAndReport
FNDA:8,(anonymous_3)
FNDA:1,(anonymous_4)
FNDA:0,readFile
FNDA:0,(anonymous_6)
FNDA:0,(anonymous_7)
FNDA:0,(anonymous_8)
FNDA:0,readDir
FNDA:0,(anonymous_10)
FNDA:0,(anonymous_11)
FNDA:0,manageConfiguration
FNDA:0,archivedURL
FNDA:0,(anonymous_14)
FNDA:0,(anonymous_15)
FNDA:0,handleTelescope
FNDA:0,(anonymous_17)
FNDA:0,(anonymous_18)
FNDA:0,(anonymous_19)
FNDA:0,(anonymous_20)
FNDA:0,(anonymous_21)
FNDA:0,(anonymous_22)
DA:1,1
DA:2,1
DA:3,1
DA:4,1
DA:5,1
DA:6,1
DA:7,1
DA:10,1
DA:16,9
DA:23,1
DA:27,1
DA:28,1
DA:29,1
DA:33,9
DA:35,8
DA:36,8
DA:40,2
DA:41,6
DA:45,2
DA:46,4
DA:50,2
DA:51,2
DA:52,2
DA:56,0
DA:60,1
DA:61,1
DA:62,1
DA:66,0
DA:73,0
DA:74,0
DA:76,0
DA:77,0
DA:79,0
DA:80,0
DA:81,0
DA:83,0
DA:90,0
DA:91,0
DA:92,0
DA:93,0
DA:95,0
DA:103,0
DA:105,0
DA:107,0
DA:108,0
DA:111,0
DA:112,0
DA:115,0
DA:118,0
DA:121,0
DA:127,0
DA:128,0
DA:131,0
DA:132,0
DA:134,0
DA:141,0
DA:145,0
DA:147,0
DA:148,0
DA:149,0
DA:151,0
DA:152,0
DA:154,0
DA:155,0
DA:156,0
DA:158,0
DA:162,0
DA:163,0
DA:166,1
DA:167,1
DA:168,1
DA:169,1
DA:170,1
DA:171,1
DA:172,1
DA:173,1
LF:76
LH:34
BRDA:35,0,0,8
BRDA:35,0,1,0
BRDA:36,1,0,2
BRDA:36,1,1,6
BRDA:37,2,0,8
BRDA:37,2,1,0
BRDA:37,2,2,8
BRDA:37,2,3,8
BRDA:41,3,0,2
BRDA:41,3,1,4
BRDA:42,4,0,6
BRDA:42,4,1,0
BRDA:42,4,2,6
BRDA:46,5,0,2
BRDA:46,5,1,2
BRDA:47,6,0,4
BRDA:47,6,1,4
BRDA:47,6,2,2
BRDA:47,6,3,2
BRDA:51,7,0,2
BRDA:51,7,1,0
BRDA:60,8,0,1
BRDA:60,8,1,0
BRDA:61,9,0,1
BRDA:61,9,1,0
BRDA:77,10,0,0
BRDA:77,10,1,0
BRDA:80,11,0,0
BRDA:80,11,1,0
BRDA:92,12,0,0
BRDA:92,12,1,0
BRDA:105,13,0,0
BRDA:105,13,1,0
BRDA:107,14,0,0
BRDA:107,14,1,0
BRDA:131,15,0,0
BRDA:131,15,1,0
BRDA:156,16,0,0
BRDA:156,16,1,0
BRF:39
BRH:19
end_of_record
TN:
SF:src/version.js
FN:5,getVersion
FNF:1
FNH:1
FNDA:2,getVersion
DA:1,1
DA:3,1
DA:6,2
DA:9,1
LF:4
LH:4
BRF:0
BRH:0
end_of_record
